-------------------------------------------------------------------------------
Test set: com.learn.AuthenticationTest
-------------------------------------------------------------------------------
Tests run: 1, Failures: 1, Errors: 0, Skipped: 0, Time elapsed: 0.036 sec <<< FAILURE!
com.learn.AuthenticationTest.testAuthentication()  Time elapsed: 0.034 sec  <<< FAILURE!
org.apache.shiro.authc.UnknownAccountException: Realm [org.apache.shiro.realm.SimpleAccountRealm@368239c8] was unable to find account data for the submitted AuthenticationToken [org.apache.shiro.authc.UsernamePasswordToken - shenjian, rememberMe=false].
	at org.apache.shiro.authc.pam.ModularRealmAuthenticator.doSingleRealmAuthentication(ModularRealmAuthenticator.java:184)
	at org.apache.shiro.authc.pam.ModularRealmAuthenticator.doAuthenticate(ModularRealmAuthenticator.java:267)
	at org.apache.shiro.authc.AbstractAuthenticator.authenticate(AbstractAuthenticator.java:198)
	at org.apache.shiro.mgt.AuthenticatingSecurityManager.authenticate(AuthenticatingSecurityManager.java:106)
	at org.apache.shiro.mgt.DefaultSecurityManager.login(DefaultSecurityManager.java:270)
	at org.apache.shiro.subject.support.DelegatingSubject.login(DelegatingSubject.java:256)
	at com.learn.AuthenticationTest.testAuthentication(AuthenticationTest.java:33)

